<?xml version="1.0" encoding="UTF-8"?>
<!-- Generated by org.testng.reporters.JUnitReportReporter -->
<testsuite skipped="0" hostname="Hassan-PC" name="Utility.FindBrokenLink" tests="1" failures="0" timestamp="02 May 2019 11:46:58 GMT" time="410.259" errors="0">
  <testcase name="getBrokenLinks" time="410.259" classname="Utility.FindBrokenLink"/>
</testsuite> <!-- Utility.FindBrokenLink -->
