<?xml version="1.0" encoding="UTF-8"?>
<!-- Generated by org.testng.reporters.JUnitReportReporter -->
<testsuite skipped="0" hostname="Hassan-PC" name="Console.Error.Contactus_console" tests="1" failures="0" timestamp="25 Jan 2019 18:06:28 GMT" time="33.287" errors="0">
  <testcase name="Contactus_Console_Error" time="33.287" classname="Console.Error.Contactus_console"/>
</testsuite> <!-- Console.Error.Contactus_console -->
