<?xml version="1.0" encoding="UTF-8"?>
<!-- Generated by org.testng.reporters.JUnitReportReporter -->
<testsuite skipped="0" hostname="Hassan-PC" name="Deployment.Testcases.Verify_Badge_Number" tests="1" failures="0" timestamp="03 Jan 2019 13:25:35 GMT" time="63.180" errors="0">
  <testcase name="validate_Badge_number" time="63.180" classname="Deployment.Testcases.Verify_Badge_Number"/>
</testsuite> <!-- Deployment.Testcases.Verify_Badge_Number -->
