<?xml version="1.0" encoding="UTF-8"?>
<!-- Generated by org.testng.reporters.JUnitReportReporter -->
<testsuite skipped="0" hostname="Hassan-PC" name="Console.Error.FindJSErrorsLogging" tests="1" failures="0" timestamp="02 Jan 2019 16:40:52 GMT" time="96.679" errors="0">
  <testcase name="testMethod" time="96.679" classname="Console.Error.FindJSErrorsLogging"/>
</testsuite> <!-- Console.Error.FindJSErrorsLogging -->
