<?xml version="1.0" encoding="UTF-8"?>
<!-- Generated by org.testng.reporters.JUnitReportReporter -->
<testsuite skipped="0" hostname="Hassan-PC" name="Console.Error.Privacy_policy_console" tests="1" failures="0" timestamp="25 Jan 2019 15:49:12 GMT" time="16.065" errors="0">
  <testcase name="Privacy_policy_Console_Error" time="16.065" classname="Console.Error.Privacy_policy_console"/>
</testsuite> <!-- Console.Error.Privacy_policy_console -->
