<?xml version="1.0" encoding="UTF-8"?>
<!-- Generated by org.testng.reporters.JUnitReportReporter -->
<testsuite skipped="0" hostname="Hassan-PC" name="Deployment.Testcases.MenTest" tests="1" failures="0" timestamp="07 Jan 2019 15:51:32 GMT" time="54.450" errors="0">
  <testcase name="validate_men" time="54.450" classname="Deployment.Testcases.MenTest"/>
</testsuite> <!-- Deployment.Testcases.MenTest -->
