<?xml version="1.0" encoding="UTF-8"?>
<!-- Generated by org.testng.reporters.JUnitReportReporter -->
<testsuite skipped="0" hostname="Hassan-PC" name="Deployment.Testcases.Verify_Forgot_Password" tests="1" failures="0" timestamp="03 Jan 2019 13:25:35 GMT" time="87.692" errors="0">
  <testcase name="validate_forgot_password" time="87.692" classname="Deployment.Testcases.Verify_Forgot_Password"/>
</testsuite> <!-- Deployment.Testcases.Verify_Forgot_Password -->
