<?xml version="1.0" encoding="UTF-8"?>
<!-- Generated by org.testng.reporters.JUnitReportReporter -->
<testsuite skipped="0" hostname="Hassan-PC" name="Deployment.Testcases.Verify_FittingRoom_ProductDetail" tests="1" failures="0" timestamp="03 Jan 2019 13:25:35 GMT" time="79.546" errors="0">
  <testcase name="validate_fittingRoom_ProductDetail" time="79.546" classname="Deployment.Testcases.Verify_FittingRoom_ProductDetail"/>
</testsuite> <!-- Deployment.Testcases.Verify_FittingRoom_ProductDetail -->
