<?xml version="1.0" encoding="UTF-8"?>
<!-- Generated by org.testng.reporters.JUnitReportReporter -->
<testsuite skipped="0" hostname="Hassan-PC" name="Utility.FindBrokenLink" tests="1" failures="0" timestamp="06 Mar 2019 16:27:37 GMT" time="62.419" errors="0">
  <testcase name="getBrokenLinks" time="62.419" classname="Utility.FindBrokenLink"/>
</testsuite> <!-- Utility.FindBrokenLink -->
