<?xml version="1.0" encoding="UTF-8"?>
<!-- Generated by org.testng.reporters.JUnitReportReporter -->
<testsuite skipped="0" hostname="Hassan-PC" name="Console.Error.Contactus_console" tests="1" failures="0" timestamp="25 Jan 2019 11:46:33 GMT" time="44.401" errors="0">
  <testcase name="Contactus_Console_Error" time="44.401" classname="Console.Error.Contactus_console"/>
</testsuite> <!-- Console.Error.Contactus_console -->
