<?xml version="1.0" encoding="UTF-8"?>
<!-- Generated by org.testng.reporters.JUnitReportReporter -->
<testsuite skipped="0" hostname="Hassan-PC" name="Deployment.Testcases.Verify_favourite" tests="2" failures="0" timestamp="19 Mar 2019 11:04:28 GMT" time="98.604" errors="0">
  <testcase name="Acceptance_criteria_1" time="52.788" classname="Deployment.Testcases.Verify_favourite"/>
  <testcase name="Acceptance_criteria_2" time="45.816" classname="Deployment.Testcases.Verify_favourite"/>
</testsuite> <!-- Deployment.Testcases.Verify_favourite -->
