<?xml version="1.0" encoding="UTF-8"?>
<!-- Generated by org.testng.reporters.JUnitReportReporter -->
<testsuite skipped="0" hostname="Hassan-PC" name="Console.Error.Signup_women_console" tests="1" failures="0" timestamp="25 Jan 2019 11:17:51 GMT" time="42.789" errors="0">
  <testcase name="signup_women_console_error" time="42.789" classname="Console.Error.Signup_women_console"/>
</testsuite> <!-- Console.Error.Signup_women_console -->
