<?xml version="1.0" encoding="UTF-8"?>
<!-- Generated by org.testng.reporters.JUnitReportReporter -->
<testsuite skipped="0" hostname="Hassan-PC" name="Deployment.Testcases.verify_productdetails" tests="1" failures="0" timestamp="19 Mar 2019 14:30:54 GMT" time="48.187" errors="0">
  <testcase name="Acceptance_criteria_1" time="48.187" classname="Deployment.Testcases.verify_productdetails"/>
</testsuite> <!-- Deployment.Testcases.verify_productdetails -->
