<?xml version="1.0" encoding="UTF-8"?>
<!-- Generated by org.testng.reporters.JUnitReportReporter -->
<testsuite skipped="0" hostname="Hassan-PC" name="Deployment.Testcases.Contactus_Errorhandling" tests="1" failures="0" timestamp="03 Jan 2019 13:25:35 GMT" time="23.677" errors="0">
  <testcase name="Missing_Fields" time="23.677" classname="Deployment.Testcases.Contactus_Errorhandling"/>
</testsuite> <!-- Deployment.Testcases.Contactus_Errorhandling -->
