<?xml version="1.0" encoding="UTF-8"?>
<!-- Generated by org.testng.reporters.JUnitReportReporter -->
<testsuite skipped="0" hostname="Hassan-PC" name="Deployment.Testcases.Verify_Currentlook" tests="5" failures="0" timestamp="28 Mar 2019 12:13:29 GMT" time="227.952" errors="0">
  <testcase name="Acceptance_criteria_1" time="45.841" classname="Deployment.Testcases.Verify_Currentlook"/>
  <testcase name="Acceptance_criteria_2" time="51.702" classname="Deployment.Testcases.Verify_Currentlook"/>
  <testcase name="Acceptance_criteria_3" time="39.791" classname="Deployment.Testcases.Verify_Currentlook"/>
  <testcase name="Acceptance_criteria_4" time="48.100" classname="Deployment.Testcases.Verify_Currentlook"/>
  <testcase name="Acceptance_criteria_5" time="42.518" classname="Deployment.Testcases.Verify_Currentlook"/>
</testsuite> <!-- Deployment.Testcases.Verify_Currentlook -->
