<?xml version="1.0" encoding="UTF-8"?>
<!-- Generated by org.testng.reporters.JUnitReportReporter -->
<testsuite skipped="0" hostname="Hassan-PC" name="Deployment.Testcases.verify_productdetails" tests="1" failures="0" timestamp="04 Apr 2019 17:52:16 GMT" time="57.141" errors="0">
  <testcase name="Acceptance_criteria_1" time="57.141" classname="Deployment.Testcases.verify_productdetails"/>
</testsuite> <!-- Deployment.Testcases.verify_productdetails -->
