<?xml version="1.0" encoding="UTF-8"?>
<!-- Generated by org.testng.reporters.JUnitReportReporter -->
<testsuite skipped="0" hostname="Hassan-PC" name="com.Testcases.women" tests="1" failures="0" timestamp="09 Jan 2019 17:44:07 GMT" time="53.267" errors="0">
  <testcase name="validate_women" time="53.267" classname="com.Testcases.women"/>
</testsuite> <!-- com.Testcases.women -->
