<?xml version="1.0" encoding="UTF-8"?>
<!-- Generated by org.testng.reporters.JUnitReportReporter -->
<testsuite skipped="0" hostname="Hassan-PC" name="Utility.FindBrokenLink" tests="1" failures="0" timestamp="03 Jan 2019 14:08:02 GMT" time="58.907" errors="0">
  <testcase name="getBrokenLinks" time="58.907" classname="Utility.FindBrokenLink"/>
</testsuite> <!-- Utility.FindBrokenLink -->
