<?xml version="1.0" encoding="UTF-8"?>
<!-- Generated by org.testng.reporters.JUnitReportReporter -->
<testsuite skipped="3" hostname="Hassan-PC" name="Deployment.Testcases.Verify_Currentlook" tests="4" failures="0" timestamp="11 Mar 2019 15:20:49 GMT" time="49.312" errors="0">
  <testcase name="Acceptance_criteria_4" time="49.312" classname="Deployment.Testcases.Verify_Currentlook"/>
  <testcase name="Acceptance_criteria_3" classname="Deployment.Testcases.Verify_Currentlook">
    <skipped/>
  </testcase> <!-- Acceptance_criteria_3 -->
  <testcase name="Acceptance_criteria_2" classname="Deployment.Testcases.Verify_Currentlook">
    <skipped/>
  </testcase> <!-- Acceptance_criteria_2 -->
  <testcase name="Acceptance_criteria_1" classname="Deployment.Testcases.Verify_Currentlook">
    <skipped/>
  </testcase> <!-- Acceptance_criteria_1 -->
</testsuite> <!-- Deployment.Testcases.Verify_Currentlook -->
