<?xml version="1.0" encoding="UTF-8"?>
<!-- Generated by org.testng.reporters.JUnitReportReporter -->
<testsuite skipped="0" hostname="Hassan-PC" name="Deployment.Testcases.WomenTest" tests="1" failures="0" timestamp="07 Jan 2019 15:51:32 GMT" time="57.350" errors="0">
  <testcase name="validate_women" time="57.350" classname="Deployment.Testcases.WomenTest"/>
</testsuite> <!-- Deployment.Testcases.WomenTest -->
