<?xml version="1.0" encoding="UTF-8"?>
<!-- Generated by org.testng.reporters.JUnitReportReporter -->
<testsuite skipped="0" hostname="Hassan-PC" name="Deployment.Testcases.verify_products" tests="1" failures="0" timestamp="01 May 2019 15:49:35 GMT" time="75.373" errors="0">
  <testcase name="validate_product" time="75.373" classname="Deployment.Testcases.verify_products"/>
</testsuite> <!-- Deployment.Testcases.verify_products -->
