<?xml version="1.0" encoding="UTF-8"?>
<!-- Generated by org.testng.reporters.JUnitReportReporter -->
<testsuite skipped="0" hostname="Hassan-PC" name="Console.Error.Login_Console" tests="1" failures="0" timestamp="23 Jan 2019 17:03:45 GMT" time="25.302" errors="0">
  <testcase name="Login_Console_Error" time="25.302" classname="Console.Error.Login_Console"/>
</testsuite> <!-- Console.Error.Login_Console -->
