<?xml version="1.0" encoding="UTF-8"?>
<!-- Generated by org.testng.reporters.JUnitReportReporter -->
<testsuite skipped="0" hostname="Hassan-PC" name="Console.Error.FindJSErrorsLogging" tests="1" failures="0" timestamp="08 Jan 2019 13:27:23 GMT" time="55.448" errors="0">
  <testcase name="testMethod" time="55.448" classname="Console.Error.FindJSErrorsLogging"/>
</testsuite> <!-- Console.Error.FindJSErrorsLogging -->
