<?xml version="1.0" encoding="UTF-8"?>
<!-- Generated by org.testng.reporters.JUnitReportReporter -->
<testsuite skipped="0" hostname="Hassan-PC" name="Utility.FindBrokenLink" tests="1" failures="0" timestamp="10 Apr 2019 16:42:37 GMT" time="427.641" errors="0">
  <testcase name="getBrokenLinks" time="427.641" classname="Utility.FindBrokenLink"/>
</testsuite> <!-- Utility.FindBrokenLink -->
