<?xml version="1.0" encoding="UTF-8"?>
<!-- Generated by org.testng.reporters.JUnitReportReporter -->
<testsuite skipped="0" hostname="Hassan-PC" name="Deployment.Testcases.Verify_Currentlook" tests="5" failures="0" timestamp="04 Apr 2019 12:14:07 GMT" time="210.641" errors="0">
  <testcase name="Acceptance_criteria_1" time="37.803" classname="Deployment.Testcases.Verify_Currentlook"/>
  <testcase name="Acceptance_criteria_2" time="42.245" classname="Deployment.Testcases.Verify_Currentlook"/>
  <testcase name="Acceptance_criteria_3" time="42.172" classname="Deployment.Testcases.Verify_Currentlook"/>
  <testcase name="Acceptance_criteria_4" time="45.987" classname="Deployment.Testcases.Verify_Currentlook"/>
  <testcase name="Acceptance_criteria_5" time="42.434" classname="Deployment.Testcases.Verify_Currentlook"/>
</testsuite> <!-- Deployment.Testcases.Verify_Currentlook -->
