<?xml version="1.0" encoding="UTF-8"?>
<!-- Generated by org.testng.reporters.JUnitReportReporter -->
<testsuite skipped="0" hostname="Hassan-PC" name="Console.Error.FindJSErrorsLogging" tests="1" failures="0" timestamp="31 Dec 2018 14:15:32 GMT" time="96.862" errors="0">
  <testcase name="testMethod" time="96.862" classname="Console.Error.FindJSErrorsLogging"/>
</testsuite> <!-- Console.Error.FindJSErrorsLogging -->
