<?xml version="1.0" encoding="UTF-8"?>
<!-- Generated by org.testng.reporters.JUnitReportReporter -->
<testsuite skipped="0" hostname="Hassan-PC" name="Console.Error.FindJSErrorsLogging" tests="1" failures="0" timestamp="16 Jan 2019 18:11:10 GMT" time="51.856" errors="0">
  <testcase name="testMethod" time="51.856" classname="Console.Error.FindJSErrorsLogging"/>
</testsuite> <!-- Console.Error.FindJSErrorsLogging -->
