<?xml version="1.0" encoding="UTF-8"?>
<!-- Generated by org.testng.reporters.JUnitReportReporter -->
<testsuite skipped="0" hostname="Hassan-PC" name="Console.Error.Men_console" tests="1" failures="0" timestamp="25 Jan 2019 18:06:28 GMT" time="30.339" errors="0">
  <testcase name="Men_Console_Error" time="30.339" classname="Console.Error.Men_console"/>
</testsuite> <!-- Console.Error.Men_console -->
