<?xml version="1.0" encoding="UTF-8"?>
<!-- Generated by org.testng.reporters.JUnitReportReporter -->
<testsuite skipped="6" hostname="Hassan-PC" name="Deployment.Testcases.verify_navigation" tests="7" failures="0" timestamp="02 Apr 2019 17:26:09 GMT" time="37.404" errors="0">
  <testcase name="Acceptance_criteria_7" time="37.404" classname="Deployment.Testcases.verify_navigation"/>
  <testcase name="Acceptance_criteria_3" classname="Deployment.Testcases.verify_navigation">
    <skipped/>
  </testcase> <!-- Acceptance_criteria_3 -->
  <testcase name="Acceptance_criteria_5" classname="Deployment.Testcases.verify_navigation">
    <skipped/>
  </testcase> <!-- Acceptance_criteria_5 -->
  <testcase name="Acceptance_criteria_6" classname="Deployment.Testcases.verify_navigation">
    <skipped/>
  </testcase> <!-- Acceptance_criteria_6 -->
  <testcase name="Acceptance_criteria_4" classname="Deployment.Testcases.verify_navigation">
    <skipped/>
  </testcase> <!-- Acceptance_criteria_4 -->
  <testcase name="Acceptance_criteria_1" classname="Deployment.Testcases.verify_navigation">
    <skipped/>
  </testcase> <!-- Acceptance_criteria_1 -->
  <testcase name="Acceptance_criteria_2" classname="Deployment.Testcases.verify_navigation">
    <skipped/>
  </testcase> <!-- Acceptance_criteria_2 -->
</testsuite> <!-- Deployment.Testcases.verify_navigation -->
