<?xml version="1.0" encoding="UTF-8"?>
<!-- Generated by org.testng.reporters.JUnitReportReporter -->
<testsuite skipped="0" hostname="Hassan-PC" name="Deployment.Testcases.verify_productdetails" tests="1" failures="0" timestamp="25 Mar 2019 10:44:13 GMT" time="55.176" errors="0">
  <testcase name="Acceptance_criteria_1" time="55.176" classname="Deployment.Testcases.verify_productdetails"/>
</testsuite> <!-- Deployment.Testcases.verify_productdetails -->
