<?xml version="1.0" encoding="UTF-8"?>
<!-- Generated by org.testng.reporters.JUnitReportReporter -->
<testsuite skipped="0" hostname="Hassan-PC" name="Deployment.Testcases.Signin_Errorhandling" tests="5" failures="0" timestamp="03 Jan 2019 13:25:35 GMT" time="213.818" errors="0">
  <testcase name="Invalidcrdentials" time="18.114" classname="Deployment.Testcases.Signin_Errorhandling"/>
  <testcase name="InvalidEmail" time="17.909" classname="Deployment.Testcases.Signin_Errorhandling"/>
  <testcase name="EmailNotFound" time="17.804" classname="Deployment.Testcases.Signin_Errorhandling"/>
  <testcase name="InvalidPwdCriteria" time="78.914" classname="Deployment.Testcases.Signin_Errorhandling"/>
  <testcase name="PasswordNotMatched" time="81.077" classname="Deployment.Testcases.Signin_Errorhandling"/>
</testsuite> <!-- Deployment.Testcases.Signin_Errorhandling -->
