<?xml version="1.0" encoding="UTF-8"?>
<!-- Generated by org.testng.reporters.JUnitReportReporter -->
<testsuite skipped="0" hostname="Hassan-PC" name="Deployment.Testcases.verify_productdetails" tests="1" failures="0" timestamp="28 Mar 2019 12:34:01 GMT" time="46.713" errors="0">
  <testcase name="Acceptance_criteria_1" time="46.713" classname="Deployment.Testcases.verify_productdetails"/>
</testsuite> <!-- Deployment.Testcases.verify_productdetails -->
