<?xml version="1.0" encoding="UTF-8"?>
<!-- Generated by org.testng.reporters.JUnitReportReporter -->
<testsuite skipped="0" hostname="Hassan-PC" name="Console.Error.Women_console" tests="1" failures="0" timestamp="25 Jan 2019 18:06:28 GMT" time="21.787" errors="0">
  <testcase name="Women_Console_Error" time="21.787" classname="Console.Error.Women_console"/>
</testsuite> <!-- Console.Error.Women_console -->
