<?xml version="1.0" encoding="UTF-8"?>
<!-- Generated by org.testng.reporters.JUnitReportReporter -->
<testsuite skipped="1" hostname="Hassan-PC" name="Deployment.Testcases.Verify_favourite" tests="2" failures="0" timestamp="18 Mar 2019 16:46:06 GMT" time="70.515" errors="0">
  <testcase name="Acceptance_criteria_2" time="70.515" classname="Deployment.Testcases.Verify_favourite"/>
  <testcase name="Acceptance_criteria_1" classname="Deployment.Testcases.Verify_favourite">
    <skipped/>
  </testcase> <!-- Acceptance_criteria_1 -->
</testsuite> <!-- Deployment.Testcases.Verify_favourite -->
