<?xml version="1.0" encoding="UTF-8"?>
<!-- Generated by org.testng.reporters.JUnitReportReporter -->
<testsuite skipped="4" hostname="Hassan-PC" name="Deployment.Testcases.Verify_Currentlook" tests="5" failures="0" timestamp="05 Apr 2019 13:14:45 GMT" time="45.055" errors="0">
  <testcase name="Acceptance_criteria_1" time="45.055" classname="Deployment.Testcases.Verify_Currentlook"/>
  <testcase name="Acceptance_criteria_5" classname="Deployment.Testcases.Verify_Currentlook">
    <skipped/>
  </testcase> <!-- Acceptance_criteria_5 -->
  <testcase name="Acceptance_criteria_4" classname="Deployment.Testcases.Verify_Currentlook">
    <skipped/>
  </testcase> <!-- Acceptance_criteria_4 -->
  <testcase name="Acceptance_criteria_3" classname="Deployment.Testcases.Verify_Currentlook">
    <skipped/>
  </testcase> <!-- Acceptance_criteria_3 -->
  <testcase name="Acceptance_criteria_2" classname="Deployment.Testcases.Verify_Currentlook">
    <skipped/>
  </testcase> <!-- Acceptance_criteria_2 -->
</testsuite> <!-- Deployment.Testcases.Verify_Currentlook -->
