<?xml version="1.0" encoding="UTF-8"?>
<!-- Generated by org.testng.reporters.JUnitReportReporter -->
<testsuite skipped="0" hostname="Hassan-PC" name="Utility.FindBrokenLink" tests="1" failures="0" timestamp="28 Mar 2019 12:49:24 GMT" time="76.442" errors="0">
  <testcase name="getBrokenLinks" time="76.442" classname="Utility.FindBrokenLink"/>
</testsuite> <!-- Utility.FindBrokenLink -->
