<?xml version="1.0" encoding="UTF-8"?>
<!-- Generated by org.testng.reporters.JUnitReportReporter -->
<testsuite skipped="0" hostname="Hassan-PC" name="Console.Error.Signup_men_console" tests="1" failures="0" timestamp="25 Jan 2019 11:17:51 GMT" time="58.852" errors="0">
  <testcase name="signup_men_console_error" time="58.852" classname="Console.Error.Signup_men_console"/>
</testsuite> <!-- Console.Error.Signup_men_console -->
