<?xml version="1.0" encoding="UTF-8"?>
<!-- Generated by org.testng.reporters.JUnitReportReporter -->
<testsuite skipped="0" hostname="Hassan-PC" name="Deployment.Testcases.Verify_favourite" tests="2" failures="0" timestamp="04 Apr 2019 17:55:35 GMT" time="146.621" errors="0">
  <testcase name="Acceptance_criteria_1" time="89.969" classname="Deployment.Testcases.Verify_favourite"/>
  <testcase name="Acceptance_criteria_2" time="56.652" classname="Deployment.Testcases.Verify_favourite"/>
</testsuite> <!-- Deployment.Testcases.Verify_favourite -->
