<?xml version="1.0" encoding="UTF-8"?>
<!-- Generated by org.testng.reporters.JUnitReportReporter -->
<testsuite skipped="0" hostname="Hassan-PC" name="Console.Error.FindJSErrorsLogging" tests="1" failures="0" timestamp="26 Dec 2018 16:48:52 GMT" time="43.738" errors="0">
  <testcase name="testMethod" time="43.738" classname="Console.Error.FindJSErrorsLogging"/>
</testsuite> <!-- Console.Error.FindJSErrorsLogging -->
