<?xml version="1.0" encoding="UTF-8"?>
<!-- Generated by org.testng.reporters.JUnitReportReporter -->
<testsuite skipped="0" hostname="Hassan-PC" name="Deployment.Testcases.Verify_favourite" tests="2" failures="0" timestamp="28 Mar 2019 12:18:45 GMT" time="104.723" errors="0">
  <testcase name="Acceptance_criteria_1" time="55.511" classname="Deployment.Testcases.Verify_favourite"/>
  <testcase name="Acceptance_criteria_2" time="49.212" classname="Deployment.Testcases.Verify_favourite"/>
</testsuite> <!-- Deployment.Testcases.Verify_favourite -->
