<?xml version="1.0" encoding="UTF-8"?>
<!-- Generated by org.testng.reporters.JUnitReportReporter -->
<testsuite skipped="0" hostname="Hassan-PC" name="Deployment.Testcases.verify_productdetails" tests="3" failures="0" timestamp="22 Apr 2019 15:26:07 GMT" time="124.916" errors="0">
  <testcase name="Acceptance_criteria_1" time="41.850" classname="Deployment.Testcases.verify_productdetails"/>
  <testcase name="Acceptance_criteria_1" time="42.189" classname="Deployment.Testcases.verify_productdetails"/>
  <testcase name="Acceptance_criteria_1" time="40.877" classname="Deployment.Testcases.verify_productdetails"/>
</testsuite> <!-- Deployment.Testcases.verify_productdetails -->
