<?xml version="1.0" encoding="UTF-8"?>
<!-- Generated by org.testng.reporters.JUnitReportReporter -->
<testsuite skipped="0" hostname="Hassan-PC" name="Console.Error.Signup_men_console" tests="1" failures="0" timestamp="23 Jan 2019 17:03:45 GMT" time="44.337" errors="0">
  <testcase name="signup_men_console_error" time="44.337" classname="Console.Error.Signup_men_console"/>
</testsuite> <!-- Console.Error.Signup_men_console -->
