<?xml version="1.0" encoding="UTF-8"?>
<!-- Generated by org.testng.reporters.JUnitReportReporter -->
<testsuite skipped="0" hostname="Hassan-PC" name="Deployment.Testcases.Testcases_Currentlook" tests="1" failures="0" timestamp="06 Mar 2019 16:29:56 GMT" time="54.109" errors="0">
  <testcase name="Acceptance_criteria1" time="54.109" classname="Deployment.Testcases.Testcases_Currentlook"/>
</testsuite> <!-- Deployment.Testcases.Testcases_Currentlook -->
