<?xml version="1.0" encoding="UTF-8"?>
<!-- Generated by org.testng.reporters.JUnitReportReporter -->
<testsuite skipped="0" hostname="Hassan-PC" name="Console.Error.Login_Console" tests="1" failures="0" timestamp="24 Jan 2019 15:43:46 GMT" time="27.484" errors="0">
  <testcase name="Login_Console_Error" time="27.484" classname="Console.Error.Login_Console"/>
</testsuite> <!-- Console.Error.Login_Console -->
