<?xml version="1.0" encoding="UTF-8"?>
<!-- Generated by org.testng.reporters.JUnitReportReporter -->
<testsuite skipped="0" hostname="Hassan-PC" name="Deployment.Testcases.Contactus_Errorhandling" tests="1" failures="0" timestamp="14 Dec 2018 14:54:21 GMT" time="25.625" errors="0">
  <testcase name="Missing_Fields" time="25.625" classname="Deployment.Testcases.Contactus_Errorhandling"/>
</testsuite> <!-- Deployment.Testcases.Contactus_Errorhandling -->
