<?xml version="1.0" encoding="UTF-8"?>
<!-- Generated by org.testng.reporters.JUnitReportReporter -->
<testsuite skipped="0" hostname="Hassan-PC" name="Deployment.Testcases.verify_navigation" tests="1" failures="0" timestamp="25 Mar 2019 17:30:10 GMT" time="44.866" errors="0">
  <testcase name="Acceptance_criteria_1" time="44.866" classname="Deployment.Testcases.verify_navigation"/>
</testsuite> <!-- Deployment.Testcases.verify_navigation -->
