<?xml version="1.0" encoding="UTF-8"?>
<!-- Generated by org.testng.reporters.JUnitReportReporter -->
<testsuite skipped="0" hostname="Hassan-PC" name="Deployment.Testcases.SignUpErrorHandling" tests="2" failures="0" timestamp="07 Jan 2019 15:51:32 GMT" time="45.412" errors="0">
  <testcase name="InvalidEmail" time="23.438" classname="Deployment.Testcases.SignUpErrorHandling"/>
  <testcase name="PasswordNotMatch" time="21.974" classname="Deployment.Testcases.SignUpErrorHandling"/>
</testsuite> <!-- Deployment.Testcases.SignUpErrorHandling -->
