<?xml version="1.0" encoding="UTF-8"?>
<!-- Generated by org.testng.reporters.JUnitReportReporter -->
<testsuite skipped="0" hostname="Hassan-PC" name="Deployment.Testcases.Verify_Fitting_Room_SearchPage" tests="1" failures="0" timestamp="03 Jan 2019 13:25:35 GMT" time="46.786" errors="0">
  <testcase name="validate_fitting_searchpage" time="46.786" classname="Deployment.Testcases.Verify_Fitting_Room_SearchPage"/>
</testsuite> <!-- Deployment.Testcases.Verify_Fitting_Room_SearchPage -->
