<?xml version="1.0" encoding="UTF-8"?>
<!-- Generated by org.testng.reporters.JUnitReportReporter -->
<testsuite skipped="0" hostname="Hassan-PC" name="Console.Error.Fitting_Room_console" tests="1" failures="0" timestamp="25 Jan 2019 18:06:28 GMT" time="29.162" errors="0">
  <testcase name="FittingRoom_Console_Error" time="29.162" classname="Console.Error.Fitting_Room_console"/>
</testsuite> <!-- Console.Error.Fitting_Room_console -->
