<?xml version="1.0" encoding="UTF-8"?>
<!-- Generated by org.testng.reporters.JUnitReportReporter -->
<testsuite skipped="0" hostname="Hassan-PC" name="Console.Error.Terms_condition_console" tests="1" failures="0" timestamp="25 Jan 2019 15:50:13 GMT" time="15.768" errors="0">
  <testcase name="Terms_condition_Console_Error" time="15.768" classname="Console.Error.Terms_condition_console"/>
</testsuite> <!-- Console.Error.Terms_condition_console -->
