<?xml version="1.0" encoding="UTF-8"?>
<!-- Generated by org.testng.reporters.JUnitReportReporter -->
<testsuite skipped="0" hostname="Hassan-PC" name="Console.Error.Blog_console" tests="1" failures="0" timestamp="25 Jan 2019 18:06:28 GMT" time="15.384" errors="0">
  <testcase name="Blog_Console_Error" time="15.384" classname="Console.Error.Blog_console"/>
</testsuite> <!-- Console.Error.Blog_console -->
