<?xml version="1.0" encoding="UTF-8"?>
<!-- Generated by org.testng.reporters.JUnitReportReporter -->
<testsuite skipped="0" hostname="Hassan-PC" name="Deployment.Testcases.Verify_favourite" tests="2" failures="0" timestamp="21 Mar 2019 11:46:48 GMT" time="89.566" errors="0">
  <testcase name="Acceptance_criteria_1" time="49.552" classname="Deployment.Testcases.Verify_favourite"/>
  <testcase name="Acceptance_criteria_2" time="40.014" classname="Deployment.Testcases.Verify_favourite"/>
</testsuite> <!-- Deployment.Testcases.Verify_favourite -->
